<html>
<head>
<title>TestNG:  Test</title>
<link href="../testng.css" rel="stylesheet" type="text/css" />
<link href="../my-testng.css" rel="stylesheet" type="text/css" />

<style type="text/css">
.log { display: none;} 
.stack-trace { display: none;} 
</style>
<script type="text/javascript">
<!--
function flip(e) {
  current = e.style.display;
  if (current == 'block') {
    e.style.display = 'none';
    return 0;
  }
  else {
    e.style.display = 'block';
    return 1;
  }
}

function toggleBox(szDivId, elem, msg1, msg2)
{
  var res = -1;  if (document.getElementById) {
    res = flip(document.getElementById(szDivId));
  }
  else if (document.all) {
    // this is the way old msie versions work
    res = flip(document.all[szDivId]);
  }
  if(elem) {
    if(res == 0) elem.innerHTML = msg1; else elem.innerHTML = msg2;
  }

}

function toggleAllBoxes() {
  if (document.getElementsByTagName) {
    d = document.getElementsByTagName('div');
    for (i = 0; i < d.length; i++) {
      if (d[i].className == 'log') {
        flip(d[i]);
      }
    }
  }
}

// -->
</script>

</head>
<body>
<h2 align='center'>Test</h2><table border='1' align="center">
<tr>
<td>Tests passed/Failed/Skipped:</td><td>13/1/0</td>
</tr><tr>
<td>Started on:</td><td>Mon Dec 21 21:55:34 IST 2020</td>
</tr>
<tr><td>Total time:</td><td>31 seconds (31002 ms)</td>
</tr><tr>
<td>Included groups:</td><td></td>
</tr><tr>
<td>Excluded groups:</td><td></td>
</tr>
</table><p/>
<small><i>(Hover the method name to see the test class name)</i></small><p/>
<table width='100%' border='1' class='invocation-failed'>
<tr><td colspan='4' align='center'><b>FAILED TESTS</b></td></tr>
<tr><td><b>Test method</b></td>
<td width="30%"><b>Exception</b></td>
<td width="10%"><b>Time (seconds)</b></td>
<td><b>Instance</b></td>
</tr>
<tr>
<td title='com.qa.api.gorest.tests.GetUserTest.getUserListApiTest()'><b>getUserListApiTest</b><br>Test class: com.qa.api.gorest.tests.GetUserTest</td>
<td><div><pre>java.lang.AssertionError: expected [201] but found [200]
	at com.qa.api.gorest.tests.GetUserTest.getUserListApiTest(GetUserTest.java:37)
... Removed 35 stack frames</pre></div><a href='#' onClick='toggleBox("stack-trace1577811800", this, "Click to show all stack frames", "Click to hide stack frames")'>Click to show all stack frames</a>
<div class='stack-trace' id='stack-trace1577811800'><pre>java.lang.AssertionError: expected [201] but found [200]
	at org.testng.Assert.fail(Assert.java:96)
	at org.testng.Assert.failNotEquals(Assert.java:776)
	at org.testng.Assert.assertEqualsImpl(Assert.java:137)
	at org.testng.Assert.assertEquals(Assert.java:118)
	at org.testng.Assert.assertEquals(Assert.java:652)
	at org.testng.Assert.assertEquals(Assert.java:662)
	at com.qa.api.gorest.tests.GetUserTest.getUserListApiTest(GetUserTest.java:37)
	at sun.reflect.NativeMethodAccessorImpl.invoke0(Native Method)
	at sun.reflect.NativeMethodAccessorImpl.invoke(NativeMethodAccessorImpl.java:62)
	at sun.reflect.DelegatingMethodAccessorImpl.invoke(DelegatingMethodAccessorImpl.java:43)
	at java.lang.reflect.Method.invoke(Method.java:498)
	at org.testng.internal.MethodInvocationHelper.invokeMethod(MethodInvocationHelper.java:124)
	at org.testng.internal.Invoker.invokeMethod(Invoker.java:583)
	at org.testng.internal.Invoker.invokeTestMethod(Invoker.java:719)
	at org.testng.internal.Invoker.invokeTestMethods(Invoker.java:989)
	at org.testng.internal.TestMethodWorker.invokeTestMethods(TestMethodWorker.java:125)
	at org.testng.internal.TestMethodWorker.run(TestMethodWorker.java:109)
	at org.testng.TestRunner.privateRun(TestRunner.java:648)
	at org.testng.TestRunner.run(TestRunner.java:505)
	at org.testng.SuiteRunner.runTest(SuiteRunner.java:455)
	at org.testng.SuiteRunner.runSequentially(SuiteRunner.java:450)
	at org.testng.SuiteRunner.privateRun(SuiteRunner.java:415)
	at org.testng.SuiteRunner.run(SuiteRunner.java:364)
	at org.testng.SuiteRunnerWorker.runSuite(SuiteRunnerWorker.java:52)
	at org.testng.SuiteRunnerWorker.run(SuiteRunnerWorker.java:84)
	at org.testng.TestNG.runSuitesSequentially(TestNG.java:1208)
	at org.testng.TestNG.runSuitesLocally(TestNG.java:1137)
	at org.testng.TestNG.runSuites(TestNG.java:1049)
	at org.testng.TestNG.run(TestNG.java:1017)
	at org.apache.maven.surefire.testng.TestNGExecutor.run(TestNGExecutor.java:284)
	at org.apache.maven.surefire.testng.TestNGXmlTestSuite.execute(TestNGXmlTestSuite.java:75)
	at org.apache.maven.surefire.testng.TestNGProvider.invoke(TestNGProvider.java:119)
	at org.apache.maven.surefire.booter.ForkedBooter.runSuitesInProcess(ForkedBooter.java:428)
	at org.apache.maven.surefire.booter.ForkedBooter.execute(ForkedBooter.java:162)
	at org.apache.maven.surefire.booter.ForkedBooter.run(ForkedBooter.java:562)
	at org.apache.maven.surefire.booter.ForkedBooter.main(ForkedBooter.java:548)
</pre></div></td>
<td>0</td>
<td>com.qa.api.gorest.tests.GetUserTest@29a23c3d</td></tr>
</table><p>
<table width='100%' border='1' class='invocation-passed'>
<tr><td colspan='4' align='center'><b>PASSED TESTS</b></td></tr>
<tr><td><b>Test method</b></td>
<td width="30%"><b>Exception</b></td>
<td width="10%"><b>Time (seconds)</b></td>
<td><b>Instance</b></td>
</tr>
<tr>
<td title='com.qa.api.gorest.tests.CreateUserTest.createUserAPIPOSTTest()'><b>createUserAPIPOSTTest</b><br>Test class: com.qa.api.gorest.tests.CreateUserTest<br>Parameters: Abu4, abu4@gmail.com, Male, Active</td>
<td></td>
<td>4</td>
<td>com.qa.api.gorest.tests.CreateUserTest@4b6ac111</td></tr>
<tr>
<td title='com.qa.api.gorest.tests.CreateUserTest.createUserAPIPOSTTest()'><b>createUserAPIPOSTTest</b><br>Test class: com.qa.api.gorest.tests.CreateUserTest<br>Parameters: Pallu4, pallu4@gmail.com, Female, Inactive</td>
<td></td>
<td>0</td>
<td>com.qa.api.gorest.tests.CreateUserTest@4b6ac111</td></tr>
<tr>
<td title='com.qa.api.gorest.tests.CreateUserTest.createUserAPIPOSTTest()'><b>createUserAPIPOSTTest</b><br>Test class: com.qa.api.gorest.tests.CreateUserTest<br>Parameters: Zarina4, zarina4@gmail.com, Female, Active</td>
<td></td>
<td>0</td>
<td>com.qa.api.gorest.tests.CreateUserTest@4b6ac111</td></tr>
<tr>
<td title='com.qa.api.gorest.tests.CreateUserTest.createUserAPIPOSTTest()'><b>createUserAPIPOSTTest</b><br>Test class: com.qa.api.gorest.tests.CreateUserTest<br>Parameters: Tahira4, tahira4@gmail.com, Female, Inactive</td>
<td></td>
<td>0</td>
<td>com.qa.api.gorest.tests.CreateUserTest@4b6ac111</td></tr>
<tr>
<td title='com.qa.api.gorest.tests.DeleteUserTest.deleteUserTest()'><b>deleteUserTest</b><br>Test class: com.qa.api.gorest.tests.DeleteUserTest</td>
<td></td>
<td>0</td>
<td>com.qa.api.gorest.tests.DeleteUserTest@591fd34d</td></tr>
<tr>
<td title='com.qa.api.gorest.tests.GetImgurAPITest.getAccountBlockStatusTest()'><b>getAccountBlockStatusTest</b><br>Test class: com.qa.api.gorest.tests.GetImgurAPITest</td>
<td></td>
<td>1</td>
<td>com.qa.api.gorest.tests.GetImgurAPITest@61e45f87</td></tr>
<tr>
<td title='com.qa.api.gorest.tests.GetImgurAPITest2.getAccountBlockStatusTest()'><b>getAccountBlockStatusTest</b><br>Test class: com.qa.api.gorest.tests.GetImgurAPITest2</td>
<td></td>
<td>1</td>
<td>com.qa.api.gorest.tests.GetImgurAPITest2@7c9b78e3</td></tr>
<tr>
<td title='com.qa.api.gorest.tests.GetImgurAPITest.getAccountImageTest()'><b>getAccountImageTest</b><br>Test class: com.qa.api.gorest.tests.GetImgurAPITest</td>
<td></td>
<td>1</td>
<td>com.qa.api.gorest.tests.GetImgurAPITest@61e45f87</td></tr>
<tr>
<td title='com.qa.api.gorest.tests.GetImgurAPITest2.getAccountImageTest()'><b>getAccountImageTest</b><br>Test class: com.qa.api.gorest.tests.GetImgurAPITest2</td>
<td></td>
<td>1</td>
<td>com.qa.api.gorest.tests.GetImgurAPITest2@7c9b78e3</td></tr>
<tr>
<td title='com.qa.api.gorest.tests.GetUserTest.getUserWithQueryParamsApiTest()'><b>getUserWithQueryParamsApiTest</b><br>Test class: com.qa.api.gorest.tests.GetUserTest</td>
<td></td>
<td>0</td>
<td>com.qa.api.gorest.tests.GetUserTest@29a23c3d</td></tr>
<tr>
<td title='com.qa.api.gorest.tests.UpdateUserTest.updateUserAPIPOSTTest_withSetter()'><b>updateUserAPIPOSTTest_withSetter</b><br>Test class: com.qa.api.gorest.tests.UpdateUserTest</td>
<td></td>
<td>1</td>
<td>com.qa.api.gorest.tests.UpdateUserTest@6fe46b62</td></tr>
<tr>
<td title='com.qa.api.gorest.tests.GetImgurAPITest.uploadImagePostAPITest()'><b>uploadImagePostAPITest</b><br>Test class: com.qa.api.gorest.tests.GetImgurAPITest</td>
<td></td>
<td>5</td>
<td>com.qa.api.gorest.tests.GetImgurAPITest@61e45f87</td></tr>
<tr>
<td title='com.qa.api.gorest.tests.GetImgurAPITest2.uploadImagePostAPITest()'><b>uploadImagePostAPITest</b><br>Test class: com.qa.api.gorest.tests.GetImgurAPITest2</td>
<td></td>
<td>4</td>
<td>com.qa.api.gorest.tests.GetImgurAPITest2@7c9b78e3</td></tr>
</table><p>
</body>
</html>