<?xml version="1.0" encoding="UTF-8"?>
<testng-results skipped="0" failed="1" ignored="0" total="14" passed="13">
  <reporter-output>
  </reporter-output>
  <suite name="Suite" duration-ms="29913" started-at="2020-12-28T13:59:48Z" finished-at="2020-12-28T14:00:18Z">
    <groups>
    </groups>
    <test name="Test" duration-ms="29913" started-at="2020-12-28T13:59:48Z" finished-at="2020-12-28T14:00:18Z">
      <class name="com.qa.api.gorest.tests.UpdateUserTest">
        <test-method status="PASS" signature="updateUserAPIPOSTTest_withSetter()[pri:0, instance:com.qa.api.gorest.tests.UpdateUserTest@29a23c3d]" name="updateUserAPIPOSTTest_withSetter" duration-ms="1610" started-at="2020-12-28T13:59:54Z" finished-at="2020-12-28T13:59:56Z">
          <reporter-output>
          </reporter-output>
        </test-method> <!-- updateUserAPIPOSTTest_withSetter -->
      </class> <!-- com.qa.api.gorest.tests.UpdateUserTest -->
      <class name="com.qa.api.gorest.tests.CreateUserTest">
        <test-method status="PASS" signature="createUserAPIPOSTTest(java.lang.String, java.lang.String, java.lang.String, java.lang.String)[pri:0, instance:com.qa.api.gorest.tests.CreateUserTest@534ca02b]" name="createUserAPIPOSTTest" duration-ms="3668" started-at="2020-12-28T13:59:50Z" data-provider="getUserData" finished-at="2020-12-28T13:59:53Z">
          <params>
            <param index="0">
              <value>
                <![CDATA[Abu4]]>
              </value>
            </param>
            <param index="1">
              <value>
                <![CDATA[abu4@gmail.com]]>
              </value>
            </param>
            <param index="2">
              <value>
                <![CDATA[Male]]>
              </value>
            </param>
            <param index="3">
              <value>
                <![CDATA[Active]]>
              </value>
            </param>
          </params>
          <reporter-output>
          </reporter-output>
        </test-method> <!-- createUserAPIPOSTTest -->
        <test-method status="PASS" signature="createUserAPIPOSTTest(java.lang.String, java.lang.String, java.lang.String, java.lang.String)[pri:0, instance:com.qa.api.gorest.tests.CreateUserTest@534ca02b]" name="createUserAPIPOSTTest" duration-ms="405" started-at="2020-12-28T13:59:53Z" data-provider="getUserData" finished-at="2020-12-28T13:59:54Z">
          <params>
            <param index="0">
              <value>
                <![CDATA[Pallu4]]>
              </value>
            </param>
            <param index="1">
              <value>
                <![CDATA[pallu4@gmail.com]]>
              </value>
            </param>
            <param index="2">
              <value>
                <![CDATA[Female]]>
              </value>
            </param>
            <param index="3">
              <value>
                <![CDATA[Inactive]]>
              </value>
            </param>
          </params>
          <reporter-output>
          </reporter-output>
        </test-method> <!-- createUserAPIPOSTTest -->
        <test-method status="PASS" signature="createUserAPIPOSTTest(java.lang.String, java.lang.String, java.lang.String, java.lang.String)[pri:0, instance:com.qa.api.gorest.tests.CreateUserTest@534ca02b]" name="createUserAPIPOSTTest" duration-ms="350" started-at="2020-12-28T13:59:54Z" data-provider="getUserData" finished-at="2020-12-28T13:59:54Z">
          <params>
            <param index="0">
              <value>
                <![CDATA[Zarina4]]>
              </value>
            </param>
            <param index="1">
              <value>
                <![CDATA[zarina4@gmail.com]]>
              </value>
            </param>
            <param index="2">
              <value>
                <![CDATA[Female]]>
              </value>
            </param>
            <param index="3">
              <value>
                <![CDATA[Active]]>
              </value>
            </param>
          </params>
          <reporter-output>
          </reporter-output>
        </test-method> <!-- createUserAPIPOSTTest -->
        <test-method status="PASS" signature="createUserAPIPOSTTest(java.lang.String, java.lang.String, java.lang.String, java.lang.String)[pri:0, instance:com.qa.api.gorest.tests.CreateUserTest@534ca02b]" name="createUserAPIPOSTTest" duration-ms="364" started-at="2020-12-28T13:59:54Z" data-provider="getUserData" finished-at="2020-12-28T13:59:54Z">
          <params>
            <param index="0">
              <value>
                <![CDATA[Tahira4]]>
              </value>
            </param>
            <param index="1">
              <value>
                <![CDATA[tahira4@gmail.com]]>
              </value>
            </param>
            <param index="2">
              <value>
                <![CDATA[Female]]>
              </value>
            </param>
            <param index="3">
              <value>
                <![CDATA[Inactive]]>
              </value>
            </param>
          </params>
          <reporter-output>
          </reporter-output>
        </test-method> <!-- createUserAPIPOSTTest -->
      </class> <!-- com.qa.api.gorest.tests.CreateUserTest -->
      <class name="com.qa.api.gorest.tests.DeleteUserTest">
        <test-method status="PASS" signature="deleteUserTest()[pri:0, instance:com.qa.api.gorest.tests.DeleteUserTest@4b6ac111]" name="deleteUserTest" duration-ms="727" started-at="2020-12-28T13:59:56Z" finished-at="2020-12-28T13:59:57Z">
          <reporter-output>
          </reporter-output>
        </test-method> <!-- deleteUserTest -->
      </class> <!-- com.qa.api.gorest.tests.DeleteUserTest -->
      <class name="com.qa.api.gorest.tests.GetImgurAPITest2">
        <test-method status="PASS" signature="setUp()[pri:0, instance:com.qa.api.gorest.tests.GetImgurAPITest2@591fd34d]" name="setUp" is-config="true" duration-ms="947" started-at="2020-12-28T14:00:09Z" finished-at="2020-12-28T14:00:10Z">
          <reporter-output>
          </reporter-output>
        </test-method> <!-- setUp -->
        <test-method status="PASS" signature="getAccountBlockStatusTest()[pri:0, instance:com.qa.api.gorest.tests.GetImgurAPITest2@591fd34d]" name="getAccountBlockStatusTest" duration-ms="953" started-at="2020-12-28T14:00:10Z" finished-at="2020-12-28T14:00:11Z">
          <reporter-output>
          </reporter-output>
        </test-method> <!-- getAccountBlockStatusTest -->
        <test-method status="PASS" signature="setUp()[pri:0, instance:com.qa.api.gorest.tests.GetImgurAPITest2@591fd34d]" name="setUp" is-config="true" duration-ms="951" started-at="2020-12-28T14:00:11Z" finished-at="2020-12-28T14:00:11Z">
          <reporter-output>
          </reporter-output>
        </test-method> <!-- setUp -->
        <test-method status="PASS" signature="getAccountImageTest()[pri:0, instance:com.qa.api.gorest.tests.GetImgurAPITest2@591fd34d]" name="getAccountImageTest" duration-ms="1071" started-at="2020-12-28T14:00:12Z" finished-at="2020-12-28T14:00:13Z">
          <reporter-output>
          </reporter-output>
        </test-method> <!-- getAccountImageTest -->
        <test-method status="PASS" signature="setUp()[pri:0, instance:com.qa.api.gorest.tests.GetImgurAPITest2@591fd34d]" name="setUp" is-config="true" duration-ms="959" started-at="2020-12-28T14:00:13Z" finished-at="2020-12-28T14:00:14Z">
          <reporter-output>
          </reporter-output>
        </test-method> <!-- setUp -->
        <test-method status="PASS" signature="uploadImagePostAPITest()[pri:0, instance:com.qa.api.gorest.tests.GetImgurAPITest2@591fd34d]" name="uploadImagePostAPITest" duration-ms="3904" started-at="2020-12-28T14:00:14Z" finished-at="2020-12-28T14:00:17Z">
          <reporter-output>
          </reporter-output>
        </test-method> <!-- uploadImagePostAPITest -->
      </class> <!-- com.qa.api.gorest.tests.GetImgurAPITest2 -->
      <class name="com.qa.api.gorest.tests.GetImgurAPITest">
        <test-method status="PASS" signature="setUp()[pri:0, instance:com.qa.api.gorest.tests.GetImgurAPITest@6fe46b62]" name="setUp" is-config="true" duration-ms="1630" started-at="2020-12-28T13:59:57Z" finished-at="2020-12-28T13:59:58Z">
          <reporter-output>
          </reporter-output>
        </test-method> <!-- setUp -->
        <test-method status="PASS" signature="getAccountBlockStatusTest()[pri:0, instance:com.qa.api.gorest.tests.GetImgurAPITest@6fe46b62]" name="getAccountBlockStatusTest" duration-ms="1391" started-at="2020-12-28T13:59:58Z" finished-at="2020-12-28T14:00:00Z">
          <reporter-output>
          </reporter-output>
        </test-method> <!-- getAccountBlockStatusTest -->
        <test-method status="PASS" signature="setUp()[pri:0, instance:com.qa.api.gorest.tests.GetImgurAPITest@6fe46b62]" name="setUp" is-config="true" duration-ms="1009" started-at="2020-12-28T14:00:00Z" finished-at="2020-12-28T14:00:01Z">
          <reporter-output>
          </reporter-output>
        </test-method> <!-- setUp -->
        <test-method status="PASS" signature="getAccountImageTest()[pri:0, instance:com.qa.api.gorest.tests.GetImgurAPITest@6fe46b62]" name="getAccountImageTest" duration-ms="1215" started-at="2020-12-28T14:00:01Z" finished-at="2020-12-28T14:00:02Z">
          <reporter-output>
          </reporter-output>
        </test-method> <!-- getAccountImageTest -->
        <test-method status="PASS" signature="setUp()[pri:0, instance:com.qa.api.gorest.tests.GetImgurAPITest@6fe46b62]" name="setUp" is-config="true" duration-ms="959" started-at="2020-12-28T14:00:02Z" finished-at="2020-12-28T14:00:03Z">
          <reporter-output>
          </reporter-output>
        </test-method> <!-- setUp -->
        <test-method status="PASS" signature="uploadImagePostAPITest()[pri:0, instance:com.qa.api.gorest.tests.GetImgurAPITest@6fe46b62]" name="uploadImagePostAPITest" duration-ms="5540" started-at="2020-12-28T14:00:03Z" finished-at="2020-12-28T14:00:09Z">
          <reporter-output>
          </reporter-output>
        </test-method> <!-- uploadImagePostAPITest -->
      </class> <!-- com.qa.api.gorest.tests.GetImgurAPITest -->
      <class name="com.qa.api.gorest.tests.GetUserTest">
        <test-method status="FAIL" signature="getUserListApiTest()[pri:1, instance:com.qa.api.gorest.tests.GetUserTest@3122b117]" name="getUserListApiTest" duration-ms="331" started-at="2020-12-28T14:00:17Z" finished-at="2020-12-28T14:00:18Z">
          <exception class="java.lang.AssertionError">
            <message>
              <![CDATA[expected [201] but found [200]]]>
            </message>
            <full-stacktrace>
              <![CDATA[java.lang.AssertionError: expected [201] but found [200]
at org.testng.Assert.fail(Assert.java:96)
at org.testng.Assert.failNotEquals(Assert.java:776)
at org.testng.Assert.assertEqualsImpl(Assert.java:137)
at org.testng.Assert.assertEquals(Assert.java:118)
at org.testng.Assert.assertEquals(Assert.java:652)
at org.testng.Assert.assertEquals(Assert.java:662)
at com.qa.api.gorest.tests.GetUserTest.getUserListApiTest(GetUserTest.java:37)
at sun.reflect.NativeMethodAccessorImpl.invoke0(Native Method)
at sun.reflect.NativeMethodAccessorImpl.invoke(NativeMethodAccessorImpl.java:62)
at sun.reflect.DelegatingMethodAccessorImpl.invoke(DelegatingMethodAccessorImpl.java:43)
at java.lang.reflect.Method.invoke(Method.java:498)
at org.testng.internal.MethodInvocationHelper.invokeMethod(MethodInvocationHelper.java:124)
at org.testng.internal.Invoker.invokeMethod(Invoker.java:583)
at org.testng.internal.Invoker.invokeTestMethod(Invoker.java:719)
at org.testng.internal.Invoker.invokeTestMethods(Invoker.java:989)
at org.testng.internal.TestMethodWorker.invokeTestMethods(TestMethodWorker.java:125)
at org.testng.internal.TestMethodWorker.run(TestMethodWorker.java:109)
at org.testng.TestRunner.privateRun(TestRunner.java:648)
at org.testng.TestRunner.run(TestRunner.java:505)
at org.testng.SuiteRunner.runTest(SuiteRunner.java:455)
at org.testng.SuiteRunner.runSequentially(SuiteRunner.java:450)
at org.testng.SuiteRunner.privateRun(SuiteRunner.java:415)
at org.testng.SuiteRunner.run(SuiteRunner.java:364)
at org.testng.SuiteRunnerWorker.runSuite(SuiteRunnerWorker.java:52)
at org.testng.SuiteRunnerWorker.run(SuiteRunnerWorker.java:84)
at org.testng.TestNG.runSuitesSequentially(TestNG.java:1208)
at org.testng.TestNG.runSuitesLocally(TestNG.java:1137)
at org.testng.TestNG.runSuites(TestNG.java:1049)
at org.testng.TestNG.run(TestNG.java:1017)
at org.apache.maven.surefire.testng.TestNGExecutor.run(TestNGExecutor.java:284)
at org.apache.maven.surefire.testng.TestNGXmlTestSuite.execute(TestNGXmlTestSuite.java:75)
at org.apache.maven.surefire.testng.TestNGProvider.invoke(TestNGProvider.java:119)
at org.apache.maven.surefire.booter.ForkedBooter.runSuitesInProcess(ForkedBooter.java:428)
at org.apache.maven.surefire.booter.ForkedBooter.execute(ForkedBooter.java:162)
at org.apache.maven.surefire.booter.ForkedBooter.run(ForkedBooter.java:562)
at org.apache.maven.surefire.booter.ForkedBooter.main(ForkedBooter.java:548)
]]>
            </full-stacktrace>
          </exception> <!-- java.lang.AssertionError -->
          <reporter-output>
          </reporter-output>
        </test-method> <!-- getUserListApiTest -->
        <test-method status="PASS" signature="getUserWithQueryParamsApiTest()[pri:2, instance:com.qa.api.gorest.tests.GetUserTest@3122b117]" name="getUserWithQueryParamsApiTest" duration-ms="332" started-at="2020-12-28T14:00:18Z" finished-at="2020-12-28T14:00:18Z">
          <reporter-output>
          </reporter-output>
        </test-method> <!-- getUserWithQueryParamsApiTest -->
      </class> <!-- com.qa.api.gorest.tests.GetUserTest -->
    </test> <!-- Test -->
  </suite> <!-- Suite -->
</testng-results>
